<?xml version="1.0" encoding="UTF-8"?>
<!-- Generated by org.testng.reporters.JUnitReportReporter -->
<testsuite hostname="L500049" failures="0" tests="1" name="WebTrackCases.WebTrackPFSearch" time="11.627" errors="0" timestamp="2019-12-31T15:38:11 IST" skipped="0">
  <testcase classname="WebTrackCases.WebTrackPFSearch" name="WebTrackProductSearch" time="11.627"/>
</testsuite> <!-- WebTrackCases.WebTrackPFSearch -->
