<?xml version="1.0" encoding="UTF-8"?>
<!-- Generated by org.testng.reporters.JUnitReportReporter -->
<testsuite hostname="L500049" failures="0" tests="2" name="WebTrackCases.WebTrackTitleVerify" time="20.214" errors="0" timestamp="2019-12-30T14:40:49 IST" skipped="0">
  <testcase classname="WebTrackCases.WebTrackTitleVerify" name="VerifyHomePage" time="9.084"/>
  <testcase classname="WebTrackCases.WebTrackTitleVerify" name="VerifyCartPage" time="11.130"/>
</testsuite> <!-- WebTrackCases.WebTrackTitleVerify -->
