<?xml version="1.0" encoding="UTF-8"?>
<!-- Generated by org.testng.reporters.JUnitReportReporter -->
<testsuite hostname="L500049" failures="0" tests="1" name="WebTrackCases.WebTrackSignInPOM" time="7.800" errors="0" timestamp="2019-12-31T12:59:26 IST" skipped="0">
  <testcase classname="WebTrackCases.WebTrackSignInPOM" name="WebTrackSignInPage" time="7.800"/>
</testsuite> <!-- WebTrackCases.WebTrackSignInPOM -->
